2025-05-09 23:13:59,142 - Paralý Asker Takas Botu görevi baþlatýldý.
2025-05-09 23:13:59,143 - Paralý Asker Botu baþlatýldý.
2025-05-09 23:14:00,074 - Takas görseli bulunamadý, tarama devam ediyor...
2025-05-09 23:14:01,989 - Takas görseli bulunamadý, tarama devam ediyor...
2025-05-09 23:14:02,197 - Paralý Asker Botu durduruldu.
2025-05-09 23:14:53,518 - Paralý Asker Takas Botu görevi baþlatýldý.
2025-05-09 23:14:53,518 - Paralý Asker Botu baþlatýldý.
2025-05-09 23:14:54,231 - Görsel Týklandý: Image5.png @ Point(x=np.int64(1259), y=np.int64(372))
2025-05-09 23:14:56,649 - Takas görseli bulunamadý, tarama devam ediyor...
2025-05-09 23:14:58,565 - Takas görseli bulunamadý, tarama devam ediyor...
2025-05-09 23:15:00,596 - Takas görseli bulunamadý, tarama devam ediyor...
2025-05-09 23:15:01,733 - Paralý Asker Botu durduruldu.
2025-05-09 23:15:02,612 - Takas görseli bulunamadý, tarama devam ediyor...
2025-05-09 23:17:23,429 - Ayarlar kaydedildi:
2025-05-09 23:17:23,431 -   Hassasiyet: 80%
2025-05-09 23:17:23,433 -   Tarama Hýzý: 0.5 sn
2025-05-09 23:17:23,434 -   Pencere Odaklama: Devre Dýþý
2025-05-09 23:17:23,435 -   Sesli Bildirim: Etkin
2025-05-09 23:17:23,436 -   TB Pencere Adý: 'Total Battle'
2025-05-09 23:17:23,437 -   Görsel Klasörü: 'final_images'
2025-05-09 23:17:23,438 -   Ses Dosyasý: 'sounds\eep-02.wav'
2025-05-09 23:17:27,296 - Paralý Asker Takas Botu görevi baþlatýldý.
2025-05-09 23:17:27,296 - Paralý Asker Botu baþlatýldý.
2025-05-09 23:17:28,240 - Takas görseli bulunamadý, tarama devam ediyor...
2025-05-09 23:17:29,711 - Görsel Týklandý: Image7.png @ Point(x=np.int64(600), y=np.int64(372))
2025-05-09 23:17:30,810 - Görsel Týklandý: Image0.png @ Point(x=np.int64(599), y=np.int64(372))
2025-05-09 23:17:32,662 - Paralý Asker Botu durduruldu.
2025-05-09 23:17:32,711 - Takas görseli bulunamadý, tarama devam ediyor...
2025-05-09 23:19:45,646 - Paralý Asker Takas Botu görevi baþlatýldý.
2025-05-09 23:19:45,646 - Paralý Asker Botu baþlatýldý.
2025-05-09 23:19:46,325 - Paralý Asker Botu durduruldu.
2025-05-09 23:19:46,585 - Takas görseli bulunamadý, tarama devam ediyor...
2025-05-09 23:20:15,911 - Paralý Asker Takas Botu görevi baþlatýldý.
2025-05-09 23:20:15,911 - Paralý Asker Botu baþlatýldý.
2025-05-09 23:20:16,851 - Takas görseli bulunamadý, tarama devam ediyor...
2025-05-09 23:20:18,469 - Takas görseli bulunamadý, tarama devam ediyor...
2025-05-09 23:20:20,081 - Takas görseli bulunamadý, tarama devam ediyor...
2025-05-09 23:20:21,653 - Paralý Asker Botu durduruldu.
2025-05-09 23:20:21,700 - Takas görseli bulunamadý, tarama devam ediyor...
2025-05-09 23:35:35,412 - Paralý Asker Takas Botu görevi baþlatýldý.
2025-05-09 23:35:35,412 - Paralý Asker Botu baþlatýldý.
2025-05-09 23:35:36,354 - Takas görseli bulunamadý, tarama devam ediyor...
2025-05-09 23:35:38,322 - Takas görseli bulunamadý, tarama devam ediyor...
2025-05-09 23:35:40,403 - Takas görseli bulunamadý, tarama devam ediyor...
2025-05-09 23:35:41,147 - Paralý Asker Botu durduruldu.
2025-05-09 23:36:18,941 - Paralý Asker Takas Botu görevi baþlatýldý.
2025-05-09 23:36:18,941 - Paralý Asker Botu baþlatýldý.
2025-05-09 23:36:19,901 - Takas görseli bulunamadý, tarama devam ediyor...
2025-05-09 23:36:21,867 - Takas görseli bulunamadý, tarama devam ediyor...
2025-05-09 23:36:23,149 - Görsel Týklandý: Image0.png @ Point(x=np.int64(599), y=np.int64(372)) | Harita Koordinatlarý: OCR Hatasý: C:\Program Files\Tesseract-OCR\tesseract.exe is not installed or it's not in your PATH. See README file for more information.
2025-05-09 23:36:24,810 - Görsel Týklandý: Image0.png @ Point(x=np.int64(599), y=np.int64(372)) | Harita Koordinatlarý: OCR Hatasý: C:\Program Files\Tesseract-OCR\tesseract.exe is not installed or it's not in your PATH. See README file for more information.
2025-05-09 23:36:26,409 - Görsel Týklandý: Image0.png @ Point(x=np.int64(599), y=np.int64(372)) | Harita Koordinatlarý: OCR Hatasý: C:\Program Files\Tesseract-OCR\tesseract.exe is not installed or it's not in your PATH. See README file for more information.
2025-05-09 23:36:28,007 - Görsel Týklandý: Image0.png @ Point(x=np.int64(599), y=np.int64(372)) | Harita Koordinatlarý: OCR Hatasý: C:\Program Files\Tesseract-OCR\tesseract.exe is not installed or it's not in your PATH. See README file for more information.
2025-05-09 23:36:30,345 - Takas görseli bulunamadý, tarama devam ediyor...
2025-05-09 23:36:31,308 - Paralý Asker Botu durduruldu.
2025-05-09 23:39:20,029 - Paralý Asker Takas Botu görevi baþlatýldý.
2025-05-09 23:39:20,029 - Paralý Asker Botu baþlatýldý.
2025-05-09 23:39:21,036 - Takas görseli bulunamadý, tarama devam ediyor...
2025-05-09 23:39:23,069 - Takas görseli bulunamadý, tarama devam ediyor...
2025-05-09 23:39:25,859 - Takas görseli bulunamadý, tarama devam ediyor...
2025-05-09 23:39:28,675 - Takas görseli bulunamadý, tarama devam ediyor...
2025-05-09 23:39:31,447 - Takas görseli bulunamadý, tarama devam ediyor...
2025-05-09 23:39:34,192 - Takas görseli bulunamadý, tarama devam ediyor...
2025-05-09 23:39:36,960 - Takas görseli bulunamadý, tarama devam ediyor...
2025-05-09 23:39:39,753 - Takas görseli bulunamadý, tarama devam ediyor...
2025-05-09 23:39:42,552 - Takas görseli bulunamadý, tarama devam ediyor...
2025-05-09 23:39:45,325 - Takas görseli bulunamadý, tarama devam ediyor...
2025-05-09 23:39:48,032 - Takas görseli bulunamadý, tarama devam ediyor...
2025-05-09 23:39:50,665 - Takas görseli bulunamadý, tarama devam ediyor...
2025-05-09 23:39:53,432 - Takas görseli bulunamadý, tarama devam ediyor...
2025-05-09 23:39:56,217 - Takas görseli bulunamadý, tarama devam ediyor...
2025-05-09 23:39:58,982 - Takas görseli bulunamadý, tarama devam ediyor...
2025-05-09 23:40:01,655 - Takas görseli bulunamadý, tarama devam ediyor...
2025-05-09 23:40:04,408 - Takas görseli bulunamadý, tarama devam ediyor...
2025-05-09 23:40:07,135 - Takas görseli bulunamadý, tarama devam ediyor...
2025-05-09 23:40:08,904 - Görsel Týklandý: Image11.PNG @ Point(x=np.int64(699), y=np.int64(662)) | Harita Koordinatlarý: OCR Hatasý: C:\Program Files\Tesseract-OCR\tesseract.exe is not installed or it's not in your PATH. See README file for more information.
2025-05-09 23:40:11,919 - Takas görseli bulunamadý, tarama devam ediyor...
2025-05-09 23:40:13,906 - Takas görseli bulunamadý, tarama devam ediyor...
2025-05-09 23:40:15,904 - Takas görseli bulunamadý, tarama devam ediyor...
2025-05-09 23:40:17,871 - Takas görseli bulunamadý, tarama devam ediyor...
2025-05-09 23:40:19,871 - Takas görseli bulunamadý, tarama devam ediyor...
2025-05-09 23:40:21,865 - Takas görseli bulunamadý, tarama devam ediyor...
2025-05-09 23:40:23,635 - Görsel Týklandý: Image11.PNG @ Point(x=np.int64(1035), y=np.int64(694)) | Harita Koordinatlarý: OCR Hatasý: C:\Program Files\Tesseract-OCR\tesseract.exe is not installed or it's not in your PATH. See README file for more information.
2025-05-09 23:40:25,682 - Görsel Týklandý: Image11.PNG @ Point(x=np.int64(1069), y=np.int64(620)) | Harita Koordinatlarý: OCR Hatasý: C:\Program Files\Tesseract-OCR\tesseract.exe is not installed or it's not in your PATH. See README file for more information.
2025-05-09 23:40:28,677 - Takas görseli bulunamadý, tarama devam ediyor...
2025-05-09 23:40:31,503 - Takas görseli bulunamadý, tarama devam ediyor...
2025-05-09 23:40:32,617 - Paralý Asker Botu durduruldu.
2025-05-09 23:40:33,496 - Takas görseli bulunamadý, tarama devam ediyor...
2025-05-09 23:41:36,973 - Paralý Asker Takas Botu görevi baþlatýldý.
2025-05-09 23:41:36,973 - Paralý Asker Botu baþlatýldý.
2025-05-09 23:41:37,985 - Takas görseli bulunamadý, tarama devam ediyor...
2025-05-09 23:41:38,387 - Paralý Asker Botu durduruldu.
2025-05-10 11:35:52,350 - Language updated: en
2025-05-10 11:35:52,362 - Settings saved:
2025-05-10 11:36:03,862 - Mercenary Exchange Bot task started.
2025-05-10 11:36:03,864 - Mercenary Exchange Bot task started.
2025-05-10 11:36:04,708 - Mercenary Bot stopped.
2025-05-10 11:36:04,909 - Mercenary image not found, continuing scan...
2025-05-10 11:36:11,054 - Mercenary Exchange Bot task started.
2025-05-10 11:36:11,056 - Mercenary Exchange Bot task started.
2025-05-10 11:36:12,077 - Mercenary image not found, continuing scan...
2025-05-10 11:36:14,188 - Mercenary image not found, continuing scan...
2025-05-10 11:36:16,326 - Mercenary image not found, continuing scan...
2025-05-10 11:36:16,773 - Mercenary Bot stopped.
2025-05-10 11:36:20,622 - Mercenary Exchange Bot task started.
2025-05-10 11:36:20,624 - Mercenary Exchange Bot task started.
2025-05-10 11:36:21,650 - Mercenary image not found, continuing scan...
2025-05-10 11:36:23,750 - Mercenary image not found, continuing scan...
2025-05-10 11:36:24,756 - Could not focus window: Error code from Windows: 0 - Ýþlem baþarýyla tamamlandý.
2025-05-10 11:36:24,959 - Image Clicked: Image0.png @ Point(x=np.int64(599), y=np.int64(372))
2025-05-10 11:36:27,496 - Mercenary image not found, continuing scan...
2025-05-10 11:36:28,530 - Mercenary Bot stopped.
2025-05-10 11:36:29,496 - Mercenary image not found, continuing scan...
2025-05-10 11:42:56,855 - Mercenary Exchange Bot task started.
2025-05-10 11:42:56,856 - Mercenary Exchange Bot task started.
2025-05-10 11:42:57,869 - Mercenary image not found, continuing scan...
2025-05-10 11:42:58,397 - Mercenary Bot stopped.
2025-05-10 11:43:04,998 - Mercenary Exchange Bot task started.
2025-05-10 11:43:05,000 - Mercenary Exchange Bot task started.
2025-05-10 11:43:05,660 - Mercenary Bot stopped.
2025-05-10 11:43:05,999 - Mercenary image not found, continuing scan...
2025-05-10 11:50:19,495 - Paralý Asker Takas Botu görevi baþlatýldý.
2025-05-10 11:50:19,500 - Paralý Asker Takas Botu görevi baþlatýldý.
2025-05-10 11:50:20,520 - Takas görseli bulunamadý, tarama devam ediyor...
2025-05-10 11:50:22,537 - Takas görseli bulunamadý, tarama devam ediyor...
2025-05-10 11:50:23,237 - Paralý Asker Botu durduruldu.
2025-05-10 11:50:31,999 - Language updated: en
2025-05-10 11:50:32,007 - Settings saved:
2025-05-10 11:50:32,011 -   Confidence: 80%
2025-05-10 11:50:32,013 -   Scan Speed: 1.0 sec
2025-05-10 11:50:32,016 -   Window Focus: Etkin
2025-05-10 11:50:32,019 -   Sound Notifications: Etkin
2025-05-10 11:50:32,022 -   TB Window Name: 'Total Battle'
2025-05-10 11:50:32,026 -   Image Folder: 'final_images'
2025-05-10 11:50:32,030 -   Sound File: 'sounds\eep-02.wav'
2025-05-10 11:50:32,035 -   Selected Language: 'en'
2025-05-10 11:50:42,631 - Dil güncellendi: tr
2025-05-10 11:50:42,643 - Ayarlar kaydedildi:
2025-05-10 11:50:42,647 -   Hassasiyet: 80%
2025-05-10 11:50:42,653 -   Tarama Hýzý: 1.0 sn
2025-05-10 11:50:42,658 -   Pencere Odaklama: Etkin
2025-05-10 11:50:42,662 -   Sesli Bildirim: Etkin
2025-05-10 11:50:42,666 -   TB Pencere Adý: 'Total Battle'
2025-05-10 11:50:42,670 -   Görsel Klasörü: 'final_images'
2025-05-10 11:50:42,676 -   Ses Dosyasý: 'sounds\eep-02.wav'
2025-05-10 11:50:42,680 -   Seçilen Dil: 'tr'
2025-05-10 11:54:28,087 - Language updated: en
2025-05-10 11:54:28,096 - Settings saved:
2025-05-10 11:54:28,097 -   Confidence: 80%
2025-05-10 11:54:28,099 -   Scan Speed: 1.0 sec
2025-05-10 11:54:28,101 -   Window Focus: Etkin
2025-05-10 11:54:28,104 -   Sound Notifications: Etkin
2025-05-10 11:54:28,107 -   TB Window Name: 'Total Battle'
2025-05-10 11:54:28,110 -   Image Folder: 'final_images'
2025-05-10 11:54:28,112 -   Sound File: 'sounds\eep-02.wav'
2025-05-10 11:54:28,115 -   Selected Language: 'en'
2025-05-10 12:37:55,241 - Mercenary Exchange Bot task started.
2025-05-10 12:37:55,246 - Mercenary Exchange Bot task started.
2025-05-10 12:37:55,999 - Mercenary Bot stopped.
2025-05-10 12:37:56,278 - Mercenary image not found, continuing scan...
2025-05-10 12:38:16,369 - Dil güncellendi: tr
2025-05-10 12:38:16,376 - Ayarlar kaydedildi:
2025-05-10 12:38:16,378 -   Hassasiyet: 80%
2025-05-10 12:38:16,382 -   Tarama Hýzý: 1.0 sn
2025-05-10 12:38:16,385 -   Pencere Odaklama: Devre Dýþý
2025-05-10 12:38:16,388 -   Sesli Bildirim: Etkin
2025-05-10 12:38:16,390 -   TB Pencere Adý: 'Total Battle'
2025-05-10 12:38:16,393 -   Görsel Klasörü: 'final_images'
2025-05-10 12:38:16,399 -   Ses Dosyasý: 'sounds\eep-02.wav'
2025-05-10 12:38:16,403 -   Seçilen Dil: 'tr'
2025-05-10 16:35:59,726 - Image folder selection cancelled.
2025-05-10 16:36:03,242 - Sound file selection cancelled.
2025-05-10 16:36:20,899 - Dil güncellendi: tr
2025-05-10 16:36:20,907 - Ayarlar kaydedildi:
2025-05-10 16:36:20,909 -   Hassasiyet: 100%
2025-05-10 16:36:20,913 -   Tarama Hýzý: 0.5 sn
2025-05-10 16:36:20,916 -   Pencere Odaklama: Devre Dýþý
2025-05-10 16:36:20,919 -   Sesli Bildirim: Etkin
2025-05-10 16:36:20,921 -   TB Pencere Adý: 'Total Battle'
2025-05-10 16:36:20,924 -   Görsel Klasörü: 'final_images'
2025-05-10 16:36:20,930 -   Ses Dosyasý: 'sounds\eep-02.wav'
2025-05-10 16:36:20,934 -   Seçilen Dil: 'tr'
2025-05-10 16:36:22,981 - Paralý Asker Takas Botu görevi baþlatýldý.
2025-05-10 16:36:22,991 - Paralý Asker Takas Botu görevi baþlatýldý.
2025-05-10 16:36:24,207 - Takas görseli bulunamadý, tarama devam ediyor...
2025-05-10 16:36:25,748 - Takas görseli bulunamadý, tarama devam ediyor...
2025-05-10 16:36:27,248 - Takas görseli bulunamadý, tarama devam ediyor...
2025-05-10 16:36:28,796 - Takas görseli bulunamadý, tarama devam ediyor...
2025-05-10 16:36:28,997 - Paralý Asker Botu durduruldu.
2025-05-10 16:36:44,036 - Ayarlar kaydedildi:
2025-05-10 16:36:44,041 -   Hassasiyet: 75%
2025-05-10 16:36:44,044 -   Tarama Hýzý: 0.5 sn
2025-05-10 16:36:44,047 -   Pencere Odaklama: Devre Dýþý
2025-05-10 16:36:44,053 -   Sesli Bildirim: Etkin
2025-05-10 16:36:44,056 -   TB Pencere Adý: 'Total Battle'
2025-05-10 16:36:44,060 -   Görsel Klasörü: 'final_images'
2025-05-10 16:36:44,063 -   Ses Dosyasý: 'sounds\eep-02.wav'
2025-05-10 16:36:44,068 -   Seçilen Dil: 'tr'
2025-05-10 16:36:45,366 - Paralý Asker Takas Botu görevi baþlatýldý.
2025-05-10 16:36:45,376 - Paralý Asker Takas Botu görevi baþlatýldý.
2025-05-10 16:36:46,386 - Takas görseli bulunamadý, tarama devam ediyor...
2025-05-10 16:36:47,066 - Görsel Týklandý: Image0.png @ Point(x=np.int64(994), y=np.int64(371))
2025-05-10 16:36:48,139 - Görsel Týklandý: Image0.png @ Point(x=np.int64(994), y=np.int64(371))
2025-05-10 16:36:49,156 - Görsel Týklandý: Image0.png @ Point(x=np.int64(994), y=np.int64(371))
2025-05-10 16:36:50,197 - Görsel Týklandý: Image0.png @ Point(x=np.int64(994), y=np.int64(371))
2025-05-10 16:36:51,247 - Görsel Týklandý: Image0.png @ Point(x=np.int64(994), y=np.int64(371))
2025-05-10 16:36:53,280 - Takas görseli bulunamadý, tarama devam ediyor...
2025-05-10 16:36:54,749 - Paralý Asker Botu durduruldu.
2025-05-10 16:36:54,801 - Takas görseli bulunamadý, tarama devam ediyor...
2025-05-10 16:39:49,554 - Image folder selection cancelled.
2025-05-10 16:39:52,711 - Image folder selection cancelled.
2025-05-10 16:42:08,195 - Image folder selection cancelled.
2025-05-10 16:42:47,245 - Mercenary Exchange Bot task started.
2025-05-10 16:42:47,248 - Mercenary Exchange Bot task started.
2025-05-10 16:42:48,221 - Mercenary Bot stopped.
2025-05-10 16:42:48,273 - Mercenary image not found, continuing scan...
2025-05-10 16:42:48,941 - Mercenary Exchange Bot task started.
2025-05-10 16:42:48,944 - Mercenary Exchange Bot task started.
2025-05-10 16:42:50,220 - Mercenary Bot stopped.
2025-05-10 16:42:50,273 - Mercenary image not found, continuing scan...
2025-05-10 16:42:50,571 - Mercenary image not found, continuing scan...
2025-05-10 16:42:50,869 - Mercenary Exchange Bot task started.
2025-05-10 16:42:50,878 - Mercenary Exchange Bot task started.
2025-05-10 16:42:52,270 - Mercenary image not found, continuing scan...
2025-05-10 16:42:52,871 - Mercenary image not found, continuing scan...
2025-05-10 16:42:53,086 - Mercenary image not found, continuing scan...
2025-05-10 16:42:54,551 - Mercenary image not found, continuing scan...
2025-05-10 16:42:55,439 - Mercenary image not found, continuing scan...
2025-05-10 16:42:55,602 - Mercenary image not found, continuing scan...
2025-05-10 16:42:56,728 - Mercenary image not found, continuing scan...
2025-05-10 16:42:57,943 - Mercenary image not found, continuing scan...
2025-05-10 16:42:58,103 - Mercenary image not found, continuing scan...
2025-05-10 16:42:58,644 - Mercenary Bot stopped.
2025-05-10 16:42:58,897 - Mercenary image not found, continuing scan...
2025-05-10 16:54:17,616 - Yapýlandýrma dosyasý bulunamadý. Varsayýlan ayarlar kullanýlýyor.
2025-05-10 16:54:34,563 - Ayarlar kaydedildi:
2025-05-10 16:54:34,567 -   Hassasiyet: 72%
2025-05-10 16:54:34,569 -   Tarama Hýzý: 2.4 sn
2025-05-10 16:54:34,572 -   Pencere Odaklama: Devre Dýþý
2025-05-10 16:54:34,574 -   Sesli Bildirim: Etkin
2025-05-10 16:54:34,577 -   TB Pencere Adý: 'Total Battle'
2025-05-10 16:54:34,581 -   Görsel Klasörü: 'final_images'
2025-05-10 16:54:34,586 -   Ses Dosyasý: 'sounds\eep-02.wav'
2025-05-10 16:54:34,589 -   Seçilen Dil: 'tr'
2025-05-10 16:54:34,595 - Ayarlar 'config.json' dosyasýna kaydedildi.
2025-05-10 16:54:41,651 - Ayarlar 'config.json' dosyasýndan yüklendi.
2025-05-10 16:54:59,003 - Ayarlar kaydedildi:
2025-05-10 16:54:59,006 -   Hassasiyet: 76%
2025-05-10 16:54:59,008 -   Tarama Hýzý: 0.5 sn
2025-05-10 16:54:59,010 -   Pencere Odaklama: Devre Dýþý
2025-05-10 16:54:59,012 -   Sesli Bildirim: Etkin
2025-05-10 16:54:59,014 -   TB Pencere Adý: 'Total Battle'
2025-05-10 16:54:59,017 -   Görsel Klasörü: 'final_images'
2025-05-10 16:54:59,022 -   Ses Dosyasý: 'sounds\eep-02.wav'
2025-05-10 16:54:59,025 -   Seçilen Dil: 'tr'
2025-05-10 16:54:59,030 - Ayarlar 'config.json' dosyasýna kaydedildi.
2025-05-10 16:55:15,315 - language_updated
2025-05-10 16:55:15,326 - Settings saved:
2025-05-10 16:55:15,331 -   Confidence: 76%
2025-05-10 16:55:15,336 -   Scan Speed: 0.5 sec
2025-05-10 16:55:15,339 -   Window Focus: Devre Dýþý
2025-05-10 16:55:15,343 -   Sound Notifications: Etkin
2025-05-10 16:55:15,348 -   TB Window Name: 'Total Battle'
2025-05-10 16:55:15,352 -   Image Folder: 'final_images'
2025-05-10 16:55:15,355 -   Sound File: 'sounds\eep-02.wav'
2025-05-10 16:55:15,358 -   Selected Language: 'en'
2025-05-10 16:55:15,365 - Ayarlar 'config.json' dosyasýna kaydedildi.
2025-05-10 16:55:51,158 - Ayarlar 'config.json' dosyasýndan yüklendi.
2025-05-10 16:56:04,946 - Ayarlar kaydedildi:
2025-05-10 16:56:04,949 -   Hassasiyet: 75%
2025-05-10 16:56:04,951 -   Tarama Hýzý: 0.8 sn
2025-05-10 16:56:04,953 -   Pencere Odaklama: Devre Dýþý
2025-05-10 16:56:04,956 -   Sesli Bildirim: Etkin
2025-05-10 16:56:04,960 -   TB Pencere Adý: 'Total Battle'
2025-05-10 16:56:04,962 -   Görsel Klasörü: 'final_images'
2025-05-10 16:56:04,965 -   Ses Dosyasý: 'sounds\eep-02.wav'
2025-05-10 16:56:04,968 -   Seçilen Dil: 'tr'
2025-05-10 16:56:04,975 - Ayarlar 'config.json' dosyasýna kaydedildi.
2025-05-10 16:56:22,802 - Ayarlar 'config.json' dosyasýndan yüklendi.
2025-05-10 16:56:39,452 - language_updated
2025-05-10 16:56:39,464 - Settings saved:
2025-05-10 16:56:39,469 -   Confidence: 75%
2025-05-10 16:56:39,474 -   Scan Speed: 0.8 sec
2025-05-10 16:56:39,479 -   Window Focus: Devre Dýþý
2025-05-10 16:56:39,483 -   Sound Notifications: Etkin
2025-05-10 16:56:39,488 -   TB Window Name: 'Total Battle'
2025-05-10 16:56:39,495 -   Image Folder: 'final_images'
2025-05-10 16:56:39,500 -   Sound File: 'sounds\eep-02.wav'
2025-05-10 16:56:39,506 -   Selected Language: 'en'
2025-05-10 16:56:39,514 - Ayarlar 'config.json' dosyasýna kaydedildi.
2025-05-10 17:01:20,986 - Ayarlar 'config.json' dosyasýndan yüklendi.
2025-05-10 17:01:27,259 - Settings saved:
2025-05-10 17:01:27,263 -   Confidence: 75%
2025-05-10 17:01:27,265 -   Scan Speed: 0.8 sec
2025-05-10 17:01:27,267 -   Window Focus: Devre Dýþý
2025-05-10 17:01:27,269 -   Sound Notifications: Etkin
2025-05-10 17:01:27,271 -   TB Window Name: 'Total Battle'
2025-05-10 17:01:27,274 - setting_image_folder
2025-05-10 17:01:27,278 - setting_sound_file
2025-05-10 17:01:27,281 - setting_language
2025-05-10 17:01:27,286 - Ayarlar 'config.json' dosyasýna kaydedildi.
2025-05-10 17:01:31,499 - Dil güncellendi: tr
2025-05-10 17:01:31,510 - Ayarlar kaydedildi:
2025-05-10 17:01:31,514 -   Hassasiyet: 75%
2025-05-10 17:01:31,518 -   Tarama Hýzý: 0.8 sn
2025-05-10 17:01:31,521 -   Pencere Odaklama: Devre Dýþý
2025-05-10 17:01:31,527 -   Sesli Bildirim: Etkin
2025-05-10 17:01:31,531 -   TB Pencere Adý: 'Total Battle'
2025-05-10 17:01:31,534 -   Görsel Klasörü: 'final_images'
2025-05-10 17:01:31,537 -   Ses Dosyasý: 'sounds\eep-02.wav'
2025-05-10 17:01:31,542 -   Seçilen Dil: 'tr'
2025-05-10 17:01:31,548 - Ayarlar 'config.json' dosyasýna kaydedildi.
2025-05-10 17:01:37,180 - Language updated: en
2025-05-10 17:01:37,189 - Settings saved:
2025-05-10 17:01:37,194 -   Confidence: 75%
2025-05-10 17:01:37,197 -   Scan Speed: 0.8 sec
2025-05-10 17:01:37,201 -   Window Focus: Devre Dýþý
2025-05-10 17:01:37,208 -   Sound Notifications: Etkin
2025-05-10 17:01:37,211 -   TB Window Name: 'Total Battle'
2025-05-10 17:01:37,215 - setting_image_folder
2025-05-10 17:01:37,218 - setting_sound_file
2025-05-10 17:01:37,223 - setting_language
2025-05-10 17:01:37,228 - Ayarlar 'config.json' dosyasýna kaydedildi.
2025-05-10 17:01:54,980 - Dil güncellendi: tr
2025-05-10 17:01:54,989 - Ayarlar kaydedildi:
2025-05-10 17:01:54,993 -   Hassasiyet: 75%
2025-05-10 17:01:54,999 -   Tarama Hýzý: 0.8 sn
2025-05-10 17:01:55,003 -   Pencere Odaklama: Devre Dýþý
2025-05-10 17:01:55,006 -   Sesli Bildirim: Etkin
2025-05-10 17:01:55,011 -   TB Pencere Adý: 'Total Battle'
2025-05-10 17:01:55,016 -   Görsel Klasörü: 'final_images'
2025-05-10 17:01:55,020 -   Ses Dosyasý: 'sounds\eep-02.wav'
2025-05-10 17:01:55,024 -   Seçilen Dil: 'tr'
2025-05-10 17:01:55,030 - Ayarlar 'config.json' dosyasýna kaydedildi.
2025-05-10 17:05:05,390 - Ayarlar 'config.json' dosyasýndan yüklendi.
2025-05-10 17:08:40,947 - Ayarlar 'config.json' dosyasýndan yüklendi.
2025-05-10 17:08:53,571 - language_updated
2025-05-10 17:08:53,580 - Settings saved:
2025-05-10 17:08:53,582 -   Confidence: 79%
2025-05-10 17:08:53,584 -   Scan Speed: 0.8 sec
2025-05-10 17:08:53,587 -   Window Focus: Devre Dýþý
2025-05-10 17:08:53,590 -   Sound Notifications: Etkin
2025-05-10 17:08:53,594 -   TB Window Name: 'Total Battle'
2025-05-10 17:08:53,597 -   Image Folder: 'final_images'
2025-05-10 17:08:53,600 -   Sound File: 'sounds\eep-02.wav'
2025-05-10 17:08:53,604 -   Selected Language: 'en'
2025-05-10 17:08:53,611 - Ayarlar 'config.json' dosyasýna kaydedildi.
2025-05-10 17:10:23,318 - Ayarlar 'config.json' dosyasýndan yüklendi.
2025-05-10 17:11:21,199 - Ayarlar 'config.json' dosyasýndan yüklendi.
2025-05-10 17:13:21,747 - Ayarlar 'config.json' dosyasýndan yüklendi.
2025-05-10 17:14:32,568 - Ayarlar 'config.json' dosyasýndan yüklendi.
2025-05-10 17:56:56,567 - Ayarlar 'config.json' dosyasýndan yüklendi.
2025-05-10 18:00:08,234 - Ayarlar 'config.json' dosyasýndan yüklendi.
2025-05-10 18:00:19,733 - Ayarlar kaydedildi:
2025-05-10 18:00:19,736 -   Hassasiyet: 77%
2025-05-10 18:00:19,738 -   Tarama Hýzý: 0.8 sn
2025-05-10 18:00:19,740 -   Pencere Odaklama: Devre Dýþý
2025-05-10 18:00:19,742 -   Sesli Bildirim: Etkin
2025-05-10 18:00:19,745 -   TB Pencere Adý: 'Total Battle'
2025-05-10 18:00:19,750 -   Görsel Klasörü: 'final_images'
2025-05-10 18:00:19,753 -   Ses Dosyasý: 'sounds\eep-02.wav'
2025-05-10 18:00:19,757 -   Seçilen Dil: 'tr'
2025-05-10 18:00:19,762 - Ayarlar 'config.json' dosyasýna kaydedildi.
2025-05-10 18:00:31,777 - Ayarlar 'config.json' dosyasýndan yüklendi.
2025-05-11 11:36:05,313 - Ayarlar 'config.json' dosyasýndan yüklendi.
2025-05-11 11:36:14,339 - language_updated
2025-05-11 11:36:14,349 - Settings saved:
2025-05-11 11:36:14,352 -   Confidence: 77%
2025-05-11 11:36:14,355 -   Scan Speed: 0.8 sec
2025-05-11 11:36:14,358 -   Window Focus: Devre Dýþý
2025-05-11 11:36:14,361 -   Sound Notifications: Etkin
2025-05-11 11:36:14,363 -   TB Window Name: 'Total Battle'
2025-05-11 11:36:14,367 -   Image Folder: 'final_images'
2025-05-11 11:36:14,371 -   Sound File: 'sounds\eep-02.wav'
2025-05-11 11:36:14,375 -   Selected Language: 'en'
2025-05-11 11:36:14,380 - Ayarlar 'config.json' dosyasýna kaydedildi.
2025-05-11 11:36:23,147 - Dil güncellendi: tr
2025-05-11 11:36:23,157 - Ayarlar kaydedildi:
2025-05-11 11:36:23,162 -   Hassasiyet: 77%
2025-05-11 11:36:23,168 -   Tarama Hýzý: 0.8 sn
2025-05-11 11:36:23,171 -   Pencere Odaklama: Devre Dýþý
2025-05-11 11:36:23,175 -   Sesli Bildirim: Etkin
2025-05-11 11:36:23,179 -   TB Pencere Adý: 'Total Battle'
2025-05-11 11:36:23,184 -   Görsel Klasörü: 'final_images'
2025-05-11 11:36:23,188 -   Ses Dosyasý: 'sounds\eep-02.wav'
2025-05-11 11:36:23,192 -   Seçilen Dil: 'tr'
2025-05-11 11:36:23,198 - Ayarlar 'config.json' dosyasýna kaydedildi.
2025-05-11 11:36:24,179 - Paralý Asker Takas Botu görevi baþlatýldý.
2025-05-11 11:36:24,187 - Paralý Asker Takas Botu görevi baþlatýldý.
2025-05-11 11:36:24,866 - Paralý Asker Botu durduruldu.
2025-05-11 11:36:25,151 - Takas görseli bulunamadý, tarama devam ediyor...
2025-05-11 11:44:37,591 - Ayarlar 'config.json' dosyasýndan yüklendi.
2025-05-11 11:44:50,852 - language_updated
2025-05-11 11:44:50,861 - Settings saved:
2025-05-11 11:44:50,863 -   Confidence: 77%
2025-05-11 11:44:50,865 -   Scan Speed: 0.8 sec
2025-05-11 11:44:50,871 -   Window Focus: Devre Dýþý
2025-05-11 11:44:50,874 -   Sound Notifications: Etkin
2025-05-11 11:44:50,877 -   TB Window Name: 'Total Battle'
2025-05-11 11:44:50,879 -   Image Folder: 'final_images'
2025-05-11 11:44:50,881 -   Sound File: 'sounds\eep-02.wav'
2025-05-11 11:44:50,885 -   Selected Language: 'en'
2025-05-11 11:44:50,890 - Ayarlar 'config.json' dosyasýna kaydedildi.
2025-05-11 11:45:00,012 - Dil güncellendi: tr
2025-05-11 11:45:00,023 - Ayarlar kaydedildi:
2025-05-11 11:45:00,026 -   Hassasiyet: 77%
2025-05-11 11:45:00,030 -   Tarama Hýzý: 0.8 sn
2025-05-11 11:45:00,033 -   Pencere Odaklama: Devre Dýþý
2025-05-11 11:45:00,036 -   Sesli Bildirim: Etkin
2025-05-11 11:45:00,039 -   TB Pencere Adý: 'Total Battle'
2025-05-11 11:45:00,041 -   Görsel Klasörü: 'final_images'
2025-05-11 11:45:00,044 -   Ses Dosyasý: 'sounds\eep-02.wav'
2025-05-11 11:45:00,047 -   Seçilen Dil: 'tr'
2025-05-11 11:45:00,051 - Ayarlar 'config.json' dosyasýna kaydedildi.
2025-05-11 11:45:02,667 - Paralý Asker Takas Botu görevi baþlatýldý.
2025-05-11 11:45:02,670 - Paralý Asker Takas Botu görevi baþlatýldý.
2025-05-11 11:45:03,618 - Takas görseli bulunamadý, tarama devam ediyor...
2025-05-11 11:45:05,350 - Takas görseli bulunamadý, tarama devam ediyor...
2025-05-11 11:45:07,067 - Takas görseli bulunamadý, tarama devam ediyor...
2025-05-11 11:45:08,800 - Takas görseli bulunamadý, tarama devam ediyor...
2025-05-11 11:45:10,532 - Takas görseli bulunamadý, tarama devam ediyor...
2025-05-11 11:45:12,266 - Takas görseli bulunamadý, tarama devam ediyor...
2025-05-11 11:45:14,064 - Takas görseli bulunamadý, tarama devam ediyor...
2025-05-11 11:45:15,807 - Takas görseli bulunamadý, tarama devam ediyor...
2025-05-11 11:45:16,806 - Görsel Týklandý: Image0.png @ Point(x=np.int64(994), y=np.int64(371))
2025-05-11 11:45:18,222 - Görsel Týklandý: Image0.png @ Point(x=np.int64(994), y=np.int64(371))
2025-05-11 11:45:19,572 - Görsel Týklandý: Image0.png @ Point(x=np.int64(994), y=np.int64(371))
2025-05-11 11:45:20,916 - Görsel Týklandý: Image0.png @ Point(x=np.int64(994), y=np.int64(371))
2025-05-11 11:45:22,993 - Takas görseli bulunamadý, tarama devam ediyor...
2025-05-11 11:45:24,591 - Paralý Asker Botu durduruldu.
2025-05-11 11:45:24,727 - Takas görseli bulunamadý, tarama devam ediyor...
2025-05-11 11:48:10,740 - Ayarlar 'config.json' dosyasýndan yüklendi.
2025-05-11 11:48:17,092 - language_updated
2025-05-11 11:48:17,105 - Settings saved:
2025-05-11 11:48:17,109 -   Confidence: 77%
2025-05-11 11:48:17,111 -   Scan Speed: 0.8 sec
2025-05-11 11:48:17,112 -   Window Focus: Devre Dýþý
2025-05-11 11:48:17,115 -   Sound Notifications: Etkin
2025-05-11 11:48:17,116 -   TB Window Name: 'Total Battle'
2025-05-11 11:48:17,118 -   Image Folder: 'final_images'
2025-05-11 11:48:17,119 -   Sound File: 'sounds\eep-02.wav'
2025-05-11 11:48:17,120 -   Selected Language: 'en'
2025-05-11 11:48:17,123 - Ayarlar 'config.json' dosyasýna kaydedildi.
2025-05-11 11:53:21,196 - Ayarlar 'config.json' dosyasýndan yüklendi.
2025-05-11 11:53:27,877 - Idioma actualizado: es
2025-05-11 11:53:27,891 - Configuración guardada:
2025-05-11 11:53:27,894 -   Precisión: 77%
2025-05-11 11:53:27,895 -   Velocidad de escaneo: 0.8 s
2025-05-11 11:53:27,897 -   Enfoque de ventana: Devre Dýþý
2025-05-11 11:53:27,899 -   Notificaciones de sonido: Etkin
2025-05-11 11:53:27,904 -   Nombre de ventana TB: 'Total Battle'
2025-05-11 11:53:27,906 -   Carpeta de imágenes: 'final_images'
2025-05-11 11:53:27,908 -   Archivo de sonido: 'sounds\eep-02.wav'
2025-05-11 11:53:27,909 -   Idioma seleccionado: 'es'
2025-05-11 11:53:27,911 - Ayarlar 'config.json' dosyasýna kaydedildi.
2025-05-11 11:53:35,854 - Langue mise à jour : fr
2025-05-11 11:53:35,865 - Paramètres enregistrés :
2025-05-11 11:53:35,869 -   Précision : 77%
2025-05-11 11:53:35,871 -   Vitesse d'analyse : 0.8 s
2025-05-11 11:53:35,872 -   Focalisation de la fenêtre : Devre Dýþý
2025-05-11 11:53:35,874 -   Notification sonore : Etkin
2025-05-11 11:53:35,875 -   Nom de fenêtre TB : 'Total Battle'
2025-05-11 11:53:35,877 -   Dossier d'images : 'final_images'
2025-05-11 11:53:35,879 -   Fichier son : 'sounds\eep-02.wav'
2025-05-11 11:53:35,881 -   Langue sélectionnée : 'fr'
2025-05-11 11:53:35,885 - Ayarlar 'config.json' dosyasýna kaydedildi.
2025-05-11 11:53:42,060 - Dil güncellendi: tr
2025-05-11 11:53:42,073 - Ayarlar kaydedildi:
2025-05-11 11:53:42,077 -   Hassasiyet: 77%
2025-05-11 11:53:42,079 -   Tarama Hýzý: 0.8 sn
2025-05-11 11:53:42,081 -   Pencere Odaklama: Devre Dýþý
2025-05-11 11:53:42,083 -   Sesli Bildirim: Etkin
2025-05-11 11:53:42,084 -   TB Pencere Adý: 'Total Battle'
2025-05-11 11:53:42,086 -   Görsel Klasörü: 'final_images'
2025-05-11 11:53:42,087 -   Ses Dosyasý: 'sounds\eep-02.wav'
2025-05-11 11:53:42,090 -   Seçilen Dil: 'tr'
2025-05-11 11:53:42,093 - Ayarlar 'config.json' dosyasýna kaydedildi.
